<?xml version="1.0" encoding="UTF-8"?>
<!-- Generated by org.testng.reporters.JUnitXMLReporter -->
<testsuite ignored="0" hostname="LAPTOP-O0RL6D68" failures="1" tests="3" name="Feature Test" time="5.77" errors="0" timestamp="13 Apr 2023 02:04:46 GMT">
  <testcase classname="package1.Annotations" name="Testcase1" time="0.008"/>
  <testcase classname="package1.Annotations" name="Testcase2" time="0.003"/>
  <testcase classname="package1.Testcase1" name="VerifyRadioButton" time="0.396">
    <failure type="java.lang.AssertionError" message="expected [true] but found [false]">
      <![CDATA[java.lang.AssertionError: expected [true] but found [false]
at package1.Testcase1.VerifyRadioButton(Testcase1.java:35)
at java.base/java.util.concurrent.FutureTask.run(FutureTask.java:264)
at java.base/java.util.concurrent.ThreadPoolExecutor.runWorker(ThreadPoolExecutor.java:1136)
at java.base/java.util.concurrent.ThreadPoolExecutor$Worker.run(ThreadPoolExecutor.java:635)
at java.base/java.lang.Thread.run(Thread.java:833)
... Removed 20 stack frames]]>
    </failure>
  </testcase> <!-- VerifyRadioButton -->
</testsuite> <!-- Feature Test -->
