<?xml version="1.0" encoding="UTF-8"?>
<!-- Generated by org.testng.reporters.JUnitXMLReporter -->
<testsuite ignored="0" hostname="LAPTOP-O0RL6D68" failures="1" tests="4" name="Feature Test" time="9.962" errors="0" timestamp="13 Apr 2023 01:49:32 GMT">
  <testcase classname="package1.Annotations" name="Testcase1" time="0.008"/>
  <testcase classname="package1.Annotations" name="Testcase2" time="0.002"/>
  <testcase classname="package1.Testcase1" name="VerifyRadioButton" time="0.18">
    <failure type="java.lang.AssertionError" message="expected [true] but found [false]">
      <![CDATA[java.lang.AssertionError: expected [true] but found [false]
at package1.Testcase1.VerifyRadioButton(Testcase1.java:35)
... Removed 29 stack frames]]>
    </failure>
  </testcase> <!-- VerifyRadioButton -->
  <testcase classname="package1.Testcase2" name="VerifyUsingsoftAssert" time="1.672"/>
</testsuite> <!-- Feature Test -->
